0 info it worked if it ends with ok
1 verbose cli [ '/usr/local/bin/node',
1 verbose cli   '/Users/moises404/local/bin/npm',
1 verbose cli   'run',
1 verbose cli   'start:dev' ]
2 info using npm@3.5.1
3 info using node@v5.9.1
4 verbose config Skipping project config: /Users/moises404/.npmrc. (matches userconfig)
5 verbose stack Error: ENOENT: no such file or directory, open '/Users/moises404/package.json'
5 verbose stack     at Error (native)
6 verbose cwd /Users/moises404/Sites/Kareoke404
7 error Darwin 14.5.0
8 error argv "/usr/local/bin/node" "/Users/moises404/local/bin/npm" "run" "start:dev"
9 error node v5.9.1
10 error npm  v3.5.1
11 error path /Users/moises404/package.json
12 error code ENOENT
13 error errno -2
14 error syscall open
15 error enoent ENOENT: no such file or directory, open '/Users/moises404/package.json'
16 error enoent ENOENT: no such file or directory, open '/Users/moises404/package.json'
16 error enoent This is most likely not a problem with npm itself
16 error enoent and is related to npm not being able to find a file.
17 verbose exit [ -2, true ]
